<?xml version="1.0" encoding="UTF-8"?>
<testsuite xmlns:xsi="http://www.w3.org/2001/XMLSchema-instance" xsi:noNamespaceSchemaLocation="https://maven.apache.org/surefire/maven-surefire-plugin/xsd/surefire-test-report.xsd" name="com.marsassignment.test.PersonControllerRestTemplateTest" time="20.664" tests="6" errors="0" skipped="0" failures="3">
  <properties>
[...]
</properties>
  <testcase name="find_personId_OK" classname="com.marsassignment.test.PersonControllerRestTemplateTest" time="0.845"/>
  <testcase name="save_person_OK" classname="com.marsassignment.test.PersonControllerRestTemplateTest" time="0.134"/>
  <testcase name="delete_person_OK" classname="com.marsassignment.test.PersonControllerRestTemplateTest" time="0.024"/>
  <testcase name="update_person_OK" classname="com.marsassignment.test.PersonControllerRestTemplateTest" time="0.131">
    <failure message="expected:&lt;200 OK&gt; but was:&lt;404 NOT_FOUND&gt;" type="java.lang.AssertionError"><![CDATA[java.lang.AssertionError: expected:<200 OK> but was:<404 NOT_FOUND>
	at com.marsassignment.test.PersonControllerRestTemplateTest.update_person_OK(PersonControllerRestTemplateTest.java:149)
]]></failure>
    <system-out><![CDATA[fooooooooooooooooooo
]]></system-out>
  </testcase>
  <testcase name="find_allPerson_OK" classname="com.marsassignment.test.PersonControllerRestTemplateTest" time="0.055">
    <failure message="&#10;personRepository bean.findAll();&#10;Wanted 2 times:&#10;-&gt; at com.marsassignment.test.PersonControllerRestTemplateTest.find_allPerson_OK(PersonControllerRestTemplateTest.java:86)&#10;But was 1 time:&#10;-&gt; at com.marsassignment.controller.PersonController.findAllPerson(PersonController.java:25)&#10;" type="org.mockito.exceptions.verification.TooLittleActualInvocations">org.mockito.exceptions.verification.TooLittleActualInvocations: 

personRepository bean.findAll();
Wanted 2 times:
-> at com.marsassignment.test.PersonControllerRestTemplateTest.find_allPerson_OK(PersonControllerRestTemplateTest.java:86)
But was 1 time:
-> at com.marsassignment.controller.PersonController.findAllPerson(PersonController.java:25)

	at com.marsassignment.test.PersonControllerRestTemplateTest.find_allPerson_OK(PersonControllerRestTemplateTest.java:86)
</failure>
  </testcase>
  <testcase name="find_personIdNotFound_404" classname="com.marsassignment.test.PersonControllerRestTemplateTest" time="0.035">
    <failure message="message&#10;Expected: Person id not found : 5&#10;     got: Person id not found : 9&#10; ; path&#10;Expected: /persons/5&#10;     got: /person/9&#10;" type="java.lang.AssertionError">java.lang.AssertionError: 
message
Expected: Person id not found : 5
     got: Person id not found : 9
 ; path
Expected: /persons/5
     got: /person/9

	at com.marsassignment.test.PersonControllerRestTemplateTest.find_personIdNotFound_404(PersonControllerRestTemplateTest.java:97)
</failure>
  </testcase>
</testsuite>